0 info it worked if it ends with ok
1 verbose cli [ '/usr/local/bin/node',
1 verbose cli   '/Users/c.ryan/.npm-packages/bin/npm',
1 verbose cli   'install' ]
2 info using npm@3.3.9
3 info using node@v8.9.4
4 verbose stack Error: Cannot find module 'internal/util/types'
4 verbose stack     at Function.Module._resolveFilename (module.js:538:15)
4 verbose stack     at Function.Module._load (module.js:468:25)
4 verbose stack     at Module.require (module.js:587:17)
4 verbose stack     at require (internal/module.js:11:18)
4 verbose stack     at evalmachine.<anonymous>:31:26
4 verbose stack     at Object.<anonymous> (/Users/c.ryan/.npm-packages/lib/node_modules/npm/node_modules/cmd-shim/node_modules/graceful-fs/fs.js:11:1)
4 verbose stack     at Module._compile (module.js:643:30)
4 verbose stack     at Object.Module._extensions..js (module.js:654:10)
4 verbose stack     at Module.load (module.js:556:32)
4 verbose stack     at tryModuleLoad (module.js:499:12)
5 verbose cwd /Users/c.ryan/Documents/Chris R/nature-repos/nrc-milestone-anticoagulants
6 error Darwin 14.5.0
7 error argv "/usr/local/bin/node" "/Users/c.ryan/.npm-packages/bin/npm" "install"
8 error node v8.9.4
9 error npm  v3.3.9
10 error code MODULE_NOT_FOUND
11 error Cannot find module 'internal/util/types'
12 error If you need help, you may report this error at:
12 error     <https://github.com/npm/npm/issues>
13 verbose exit [ 1, true ]
